<?xml version="1.0" encoding="UTF-8"?>
<!-- Generated by org.testng.reporters.JUnitReportReporter -->
<testsuite hostname="ZMOSDI002" name="by.hzv.s2.client.rest.S2RestClientTest" tests="13" failures="1" timestamp="2 Apr 2013 18:01:52 GMT" time="0.367" errors="0">
  <testcase name="shouldNormalizeBaseUrlOnInit" time="0.113" classname="by.hzv.s2.client.rest.S2RestClientTest"/>
  <testcase name="getContentStreamByPath" time="0.138" classname="by.hzv.s2.client.rest.S2RestClientTest"/>
  <testcase name="shouldDeleteFileByPath" time="0.002" classname="by.hzv.s2.client.rest.S2RestClientTest"/>
  <testcase name="rpc" time="0.028" classname="by.hzv.s2.client.rest.S2RestClientTest"/>
  <testcase name="shouldDeleteFileByFid" time="0.003" classname="by.hzv.s2.client.rest.S2RestClientTest"/>
  <testcase name="shouldDeleteFolder" time="0.001" classname="by.hzv.s2.client.rest.S2RestClientTest"/>
  <testcase name="rpc" time="0.001" classname="by.hzv.s2.client.rest.S2RestClientTest"/>
  <testcase name="shouldReturnContentByFid" time="0.002" classname="by.hzv.s2.client.rest.S2RestClientTest"/>
  <testcase name="getPath" time="0.002" classname="by.hzv.s2.client.rest.S2RestClientTest"/>
  <testcase name="listFiles" time="0.006" classname="by.hzv.s2.client.rest.S2RestClientTest">
    <failure type="java.lang.RuntimeException" message="Test not implemented">
      <![CDATA[java.lang.RuntimeException: Test not implemented
	at sun.reflect.NativeConstructorAccessorImpl.newInstance0(Native Method)
	at sun.reflect.NativeConstructorAccessorImpl.newInstance(Unknown Source)
	at sun.reflect.DelegatingConstructorAccessorImpl.newInstance(Unknown Source)
	at java.lang.reflect.Constructor.newInstance(Unknown Source)
	at org.codehaus.groovy.reflection.CachedConstructor.invoke(CachedConstructor.java:77)
	at org.codehaus.groovy.runtime.callsite.ConstructorSite$ConstructorSiteNoUnwrapNoCoerce.callConstructor(ConstructorSite.java:102)
	at org.codehaus.groovy.runtime.callsite.CallSiteArray.defaultCallConstructor(CallSiteArray.java:57)
	at org.codehaus.groovy.runtime.callsite.AbstractCallSite.callConstructor(AbstractCallSite.java:182)
	at org.codehaus.groovy.runtime.callsite.AbstractCallSite.callConstructor(AbstractCallSite.java:190)
	at by.hzv.s2.client.rest.S2RestClientTest.listFiles(S2RestClientTest.groovy:187)
	at sun.reflect.NativeMethodAccessorImpl.invoke0(Native Method)
	at sun.reflect.NativeMethodAccessorImpl.invoke(Unknown Source)
	at sun.reflect.DelegatingMethodAccessorImpl.invoke(Unknown Source)
	at java.lang.reflect.Method.invoke(Unknown Source)
	at org.testng.internal.MethodInvocationHelper.invokeMethod(MethodInvocationHelper.java:84)
	at org.testng.internal.Invoker.invokeMethod(Invoker.java:714)
	at org.testng.internal.Invoker.invokeTestMethod(Invoker.java:901)
	at org.testng.internal.Invoker.invokeTestMethods(Invoker.java:1231)
	at org.testng.internal.TestMethodWorker.invokeTestMethods(TestMethodWorker.java:127)
	at org.testng.internal.TestMethodWorker.run(TestMethodWorker.java:111)
	at org.testng.TestRunner.privateRun(TestRunner.java:767)
	at org.testng.TestRunner.run(TestRunner.java:617)
	at org.testng.SuiteRunner.runTest(SuiteRunner.java:334)
	at org.testng.SuiteRunner.runSequentially(SuiteRunner.java:329)
	at org.testng.SuiteRunner.privateRun(SuiteRunner.java:291)
	at org.testng.SuiteRunner.run(SuiteRunner.java:240)
	at org.testng.SuiteRunnerWorker.runSuite(SuiteRunnerWorker.java:52)
	at org.testng.SuiteRunnerWorker.run(SuiteRunnerWorker.java:86)
	at org.testng.TestNG.runSuitesSequentially(TestNG.java:1224)
	at org.testng.TestNG.runSuitesLocally(TestNG.java:1149)
	at org.testng.TestNG.run(TestNG.java:1057)
	at org.testng.remote.RemoteTestNG.run(RemoteTestNG.java:111)
	at org.testng.remote.RemoteTestNG.initAndRun(RemoteTestNG.java:204)
	at org.testng.remote.RemoteTestNG.main(RemoteTestNG.java:175)
]]>
    </failure>
  </testcase> <!-- listFiles -->
  <testcase name="shouldCreateFile" time="0.022" classname="by.hzv.s2.client.rest.S2RestClientTest"/>
  <testcase name="getFid" time="0.047" classname="by.hzv.s2.client.rest.S2RestClientTest"/>
  <testcase name="rpc" time="0.002" classname="by.hzv.s2.client.rest.S2RestClientTest"/>
</testsuite> <!-- by.hzv.s2.client.rest.S2RestClientTest -->
