<?xml version="1.0" encoding="UTF-8"?>
<!-- Generated by org.testng.reporters.JUnitReportReporter -->
<testsuite hostname="ZMOSDI002" name="com.wiley.cms.vela.service.commons.dctm.DctmContentServerImplTest" tests="1" failures="0" timestamp="29 Mar 2013 18:39:35 GMT" time="64.756" errors="0">
  <testcase name="shouldImportDocument" time="64.756" classname="com.wiley.cms.vela.service.commons.dctm.DctmContentServerImplTest"/>
</testsuite> <!-- com.wiley.cms.vela.service.commons.dctm.DctmContentServerImplTest -->
